2024-12-15T04:31:40.124Z [INFO]: Server running on port 8000
2024-12-15T04:33:12.218Z [INFO]: Server running on port 8000
2024-12-15T04:33:12.252Z [INFO]: Connected to MongoDB
2024-12-15T04:38:45.597Z [INFO]: Server running on port 8000
2024-12-15T04:38:45.633Z [INFO]: Connected to MongoDB
2024-12-15T04:41:48.503Z [INFO]: Server running on port 8000
2024-12-15T04:41:48.538Z [INFO]: Connected to MongoDB
2024-12-15T04:42:03.573Z [INFO]: Server running on port 8000
2024-12-15T04:42:03.595Z [INFO]: Connected to MongoDB
2024-12-15T04:42:56.509Z [INFO]: Server running on port 8000
2024-12-15T04:42:56.546Z [INFO]: Connected to MongoDB
2024-12-15T04:43:23.101Z [INFO]: Server running on port 8000
2024-12-15T04:43:23.149Z [INFO]: Connected to MongoDB
2024-12-15T04:43:38.083Z [INFO]: Server running on port 8000
2024-12-15T04:43:38.103Z [INFO]: Connected to MongoDB
2024-12-15T04:43:59.454Z [INFO]: Server running on port 8000
2024-12-15T04:43:59.479Z [INFO]: Connected to MongoDB
2024-12-15T04:48:37.096Z [INFO]: Server running on port 8000
2024-12-15T04:48:37.139Z [INFO]: Connected to MongoDB
2024-12-15T04:48:55.275Z [INFO]: Server running on port 8000
2024-12-15T04:48:55.299Z [INFO]: Connected to MongoDB
2024-12-15T04:56:00.255Z [INFO]: Server running on port 8000
2024-12-15T04:56:00.274Z [INFO]: Connected to MongoDB
2024-12-15T04:56:24.473Z [INFO]: Server running on port 8000
2024-12-15T04:56:24.572Z [INFO]: Connected to MongoDB
2024-12-15T04:57:16.664Z [INFO]: Server running on port 8000
2024-12-15T04:57:16.685Z [INFO]: Connected to MongoDB
2024-12-15T04:57:37.085Z [INFO]: Server running on port 8000
2024-12-15T04:57:37.103Z [INFO]: Connected to MongoDB
2024-12-15T04:58:57.637Z [INFO]: Server running on port 8000
2024-12-15T04:58:57.663Z [INFO]: Connected to MongoDB
2024-12-15T05:02:20.104Z [INFO]: Server running on port 8000
2024-12-15T05:02:20.160Z [INFO]: Connected to MongoDB
2024-12-15T05:05:24.749Z [INFO]: Server running on port 8000
2024-12-15T05:05:24.893Z [INFO]: Connected to MongoDB
2024-12-15T05:05:29.581Z [INFO]: Server running on port 8000
2024-12-15T05:05:29.605Z [INFO]: Connected to MongoDB
2024-12-15T05:06:04.994Z [INFO]: Server running on port 8000
2024-12-15T05:06:05.140Z [INFO]: Connected to MongoDB
2024-12-15T05:06:34.225Z [INFO]: Server running on port 8000
2024-12-15T05:06:34.265Z [INFO]: Connected to MongoDB
2024-12-15T05:07:28.526Z [INFO]: Server running on port 8000
2024-12-15T05:07:28.553Z [INFO]: Connected to MongoDB
2024-12-15T05:16:46.204Z [INFO]: Server running on port 8000
2024-12-15T05:16:46.227Z [INFO]: Connected to MongoDB
2024-12-15T05:17:31.369Z [INFO]: Server running on port 8000
2024-12-15T05:17:31.399Z [INFO]: Connected to MongoDB
2024-12-15T05:17:33.483Z [INFO]: Server running on port 8000
2024-12-15T05:17:33.513Z [INFO]: Connected to MongoDB
2024-12-15T05:18:37.178Z [INFO]: Server running on port 8000
2024-12-15T05:18:37.220Z [INFO]: Connected to MongoDB
2024-12-15T05:19:37.104Z [INFO]: Server running on port 8000
2024-12-15T05:19:37.184Z [INFO]: Connected to MongoDB
2024-12-15T05:19:43.201Z [INFO]: Server running on port 8000
2024-12-15T05:19:43.294Z [INFO]: Connected to MongoDB
2024-12-15T05:21:24.397Z [INFO]: Server running on port 8000
2024-12-15T05:21:24.418Z [INFO]: Connected to MongoDB
2024-12-15T05:21:30.835Z [INFO]: Server running on port 8000
2024-12-15T05:21:31.010Z [INFO]: Connected to MongoDB
2024-12-15T05:21:51.393Z [INFO]: Server running on port 8000
2024-12-15T05:21:51.419Z [INFO]: Connected to MongoDB
2024-12-15T05:22:21.148Z [INFO]: Server running on port 8000
2024-12-15T05:22:21.193Z [INFO]: Connected to MongoDB
2024-12-15T05:28:39.575Z [INFO]: Server running on port 8000
2024-12-15T05:28:39.642Z [INFO]: Connected to MongoDB
2024-12-15T05:28:53.715Z [INFO]: Server running on port 8000
2024-12-15T05:28:53.809Z [INFO]: Connected to MongoDB
2024-12-15T05:32:16.188Z [INFO]: Server running on port 8000
2024-12-15T05:32:16.211Z [INFO]: Connected to MongoDB
2024-12-15T05:36:05.181Z [INFO]: Server running on port 8000
2024-12-15T05:36:05.247Z [INFO]: Connected to MongoDB
2024-12-15T05:40:49.847Z [INFO]: Server running on port 8000
2024-12-15T05:40:49.892Z [INFO]: Connected to MongoDB
2024-12-15T05:42:13.242Z [INFO]: Server running on port 8000
2024-12-15T05:42:13.260Z [INFO]: Connected to MongoDB
2024-12-15T05:46:19.417Z [INFO]: Server running on port 8000
2024-12-15T05:46:19.441Z [INFO]: Connected to MongoDB
2024-12-15T06:13:58.093Z [INFO]: Server running on port 8000
2024-12-15T06:13:58.155Z [INFO]: Connected to MongoDB
2024-12-15T06:14:13.805Z [INFO]: Server running on port 8000
2024-12-15T06:14:13.833Z [INFO]: Connected to MongoDB
2024-12-15T06:18:50.264Z [INFO]: Server running on port 8000
2024-12-15T06:18:50.297Z [INFO]: Connected to MongoDB
2024-12-15T06:18:55.339Z [INFO]: Server running on port 8000
2024-12-15T06:18:55.434Z [INFO]: Connected to MongoDB
2024-12-15T06:19:27.583Z [INFO]: Server running on port 8000
2024-12-15T06:19:27.604Z [INFO]: Connected to MongoDB
2024-12-15T06:19:56.728Z [INFO]: Server running on port 8000
2024-12-15T06:19:56.753Z [INFO]: Connected to MongoDB
2024-12-15T06:27:56.880Z [INFO]: Server running on port 8000
2024-12-15T06:27:56.919Z [INFO]: Connected to MongoDB
2024-12-15T06:28:01.745Z [INFO]: Server running on port 8000
2024-12-15T06:28:01.769Z [INFO]: Connected to MongoDB
2024-12-15T06:34:30.092Z [INFO]: Server running on port 8000
2024-12-15T06:34:30.124Z [INFO]: Connected to MongoDB
2024-12-15T06:34:32.290Z [INFO]: Server running on port 8000
2024-12-15T06:34:32.491Z [INFO]: Connected to MongoDB
2024-12-15T06:35:08.573Z [INFO]: Server running on port 8000
2024-12-15T06:35:08.640Z [INFO]: Connected to MongoDB
2024-12-15T06:35:50.132Z [INFO]: Server running on port 8000
2024-12-15T06:35:50.165Z [INFO]: Connected to MongoDB
2024-12-15T06:35:51.820Z [INFO]: Server running on port 8000
2024-12-15T06:35:51.838Z [INFO]: Connected to MongoDB
2024-12-15T06:36:41.257Z [INFO]: Server running on port 8000
2024-12-15T06:36:41.326Z [INFO]: Connected to MongoDB
2024-12-15T06:41:46.071Z [INFO]: Server running on port 8000
2024-12-15T06:41:46.192Z [INFO]: Connected to MongoDB
2024-12-15T06:43:02.269Z [INFO]: Server running on port 8000
2024-12-15T06:43:02.305Z [INFO]: Connected to MongoDB
2024-12-15T06:44:19.957Z [INFO]: Server running on port 8000
2024-12-15T06:44:20.001Z [INFO]: Connected to MongoDB
2024-12-15T06:44:37.100Z [INFO]: Server running on port 8000
2024-12-15T06:44:37.116Z [INFO]: Connected to MongoDB
2024-12-15T07:08:41.461Z [INFO]: Server running on port 8000
2024-12-15T07:08:41.486Z [INFO]: Connected to MongoDB
2024-12-15T07:41:55.480Z [INFO]: Server running on port 8000
2024-12-15T07:41:55.517Z [INFO]: Connected to MongoDB
2024-12-15T07:42:03.478Z [INFO]: Server running on port 8000
2024-12-15T07:42:03.577Z [INFO]: Connected to MongoDB
2024-12-17T08:26:34.298Z [INFO]: Server running on port 8000
2024-12-17T08:26:34.377Z [INFO]: Connected to MongoDB
2024-12-17T08:35:22.297Z [INFO]: Server running on port 8000
2024-12-17T08:35:22.347Z [INFO]: Connected to MongoDB
2024-12-17T09:04:11.501Z [INFO]: Server running on port 8000
2024-12-17T09:04:11.535Z [INFO]: Connected to MongoDB
2024-12-17T09:04:24.876Z [INFO]: Server running on port 8000
2024-12-17T09:04:24.951Z [INFO]: Connected to MongoDB
2024-12-17T09:06:06.675Z [INFO]: Server running on port 8000
2024-12-17T09:06:06.712Z [INFO]: Connected to MongoDB
2024-12-17T09:08:44.161Z [INFO]: Server running on port 8000
2024-12-17T09:08:44.190Z [INFO]: Connected to MongoDB
2024-12-17T09:09:00.793Z [INFO]: Server running on port 8000
2024-12-17T09:09:00.836Z [INFO]: Connected to MongoDB
2024-12-17T09:09:57.001Z [INFO]: Server running on port 8000
2024-12-17T09:09:57.043Z [INFO]: Connected to MongoDB
2024-12-17T09:10:11.091Z [INFO]: Server running on port 8000
2024-12-17T09:10:11.158Z [INFO]: Connected to MongoDB
2024-12-17T09:13:19.381Z [INFO]: Server running on port 8000
2024-12-17T09:13:19.408Z [INFO]: Connected to MongoDB
2024-12-17T09:14:40.182Z [INFO]: Server running on port 8000
2024-12-17T09:14:40.201Z [INFO]: Connected to MongoDB
2024-12-17T09:14:59.553Z [INFO]: Server running on port 8000
2024-12-17T09:14:59.572Z [INFO]: Connected to MongoDB
2024-12-17T09:17:53.312Z [INFO]: Server running on port 8000
2024-12-17T09:17:53.356Z [INFO]: Connected to MongoDB
2024-12-17T09:21:46.640Z [INFO]: Server running on port 8000
2024-12-17T09:21:46.741Z [INFO]: Connected to MongoDB
2024-12-17T09:25:21.901Z [INFO]: Server running on port 8000
2024-12-17T09:25:21.937Z [INFO]: Connected to MongoDB
2024-12-17T09:32:08.100Z [INFO]: Server running on port 8000
2024-12-17T09:32:08.144Z [INFO]: Connected to MongoDB
2024-12-17T09:33:09.983Z [INFO]: Server running on port 8000
2024-12-17T09:33:10.025Z [INFO]: Connected to MongoDB
2024-12-17T09:33:29.904Z [INFO]: Server running on port 8000
2024-12-17T09:33:29.945Z [INFO]: Connected to MongoDB
2024-12-17T09:37:01.960Z [INFO]: Server running on port 8000
2024-12-17T09:37:02.026Z [INFO]: Connected to MongoDB
2024-12-17T09:53:01.271Z [INFO]: Server running on port 8000
2024-12-17T09:53:01.302Z [INFO]: Connected to MongoDB
2024-12-17T09:54:00.671Z [INFO]: Server running on port 8000
2024-12-17T09:54:00.706Z [INFO]: Connected to MongoDB
2024-12-17T10:03:56.500Z [INFO]: Server running on port 8000
2024-12-17T10:03:56.561Z [INFO]: Connected to MongoDB
2024-12-17T10:06:01.014Z [INFO]: Server running on port 8000
2024-12-17T10:06:01.907Z [INFO]: Connected to MongoDB
2024-12-17T10:07:33.374Z [INFO]: Server running on port 8000
2024-12-17T10:07:33.445Z [INFO]: Connected to MongoDB
2024-12-17T10:17:47.066Z [INFO]: Server running on port 8000
2024-12-17T10:17:47.091Z [INFO]: Connected to MongoDB
2024-12-17T10:19:19.540Z [INFO]: Server running on port 8000
2024-12-17T10:19:19.602Z [INFO]: Connected to MongoDB
2024-12-17T10:19:22.638Z [INFO]: Server running on port 8000
2024-12-17T10:19:22.670Z [INFO]: Connected to MongoDB
2024-12-17T12:37:07.660Z [INFO]: Server running on port 8000
2024-12-17T12:37:07.759Z [INFO]: Connected to MongoDB
2024-12-17T12:52:49.425Z [INFO]: Server running on port 8000
2024-12-17T12:52:49.520Z [INFO]: Connected to MongoDB
2024-12-17T12:54:00.490Z [INFO]: Server running on port 8000
2024-12-17T12:54:00.590Z [INFO]: Connected to MongoDB
2024-12-17T12:54:10.873Z [INFO]: Server running on port 8000
2024-12-17T12:54:10.932Z [INFO]: Connected to MongoDB
2024-12-17T12:54:42.198Z [INFO]: Server running on port 8000
2024-12-17T12:54:42.247Z [INFO]: Connected to MongoDB
2024-12-17T12:55:15.852Z [INFO]: Server running on port 8000
2024-12-17T12:55:15.897Z [INFO]: Connected to MongoDB
2024-12-17T12:56:02.226Z [INFO]: Server running on port 8000
2024-12-17T12:56:02.274Z [INFO]: Connected to MongoDB
2024-12-17T12:57:07.618Z [INFO]: Server running on port 8000
2024-12-17T12:57:07.715Z [INFO]: Connected to MongoDB
2024-12-17T12:57:37.355Z [INFO]: Server running on port 8000
2024-12-17T12:57:37.516Z [INFO]: Connected to MongoDB
2024-12-17T12:58:25.101Z [INFO]: Server running on port 8000
2024-12-17T12:58:25.223Z [INFO]: Connected to MongoDB
2024-12-17T12:59:13.262Z [INFO]: Server running on port 8000
2024-12-17T12:59:13.310Z [INFO]: Connected to MongoDB
2024-12-17T12:59:38.644Z [INFO]: Server running on port 8000
2024-12-17T12:59:38.719Z [INFO]: Connected to MongoDB
2024-12-17T13:00:01.883Z [INFO]: Server running on port 8000
2024-12-17T13:00:02.078Z [INFO]: Connected to MongoDB
2024-12-17T13:00:30.072Z [INFO]: Server running on port 8000
2024-12-17T13:00:30.174Z [INFO]: Connected to MongoDB
2024-12-17T13:01:19.576Z [INFO]: Server running on port 8000
2024-12-17T13:01:19.696Z [INFO]: Connected to MongoDB
2024-12-17T13:02:03.472Z [INFO]: Server running on port 8000
2024-12-17T13:02:03.532Z [INFO]: Connected to MongoDB
2024-12-17T13:02:13.926Z [INFO]: Server running on port 8000
2024-12-17T13:02:13.992Z [INFO]: Connected to MongoDB
2024-12-17T13:02:27.992Z [INFO]: Server running on port 8000
2024-12-17T13:02:28.062Z [INFO]: Connected to MongoDB
2024-12-17T13:04:27.139Z [INFO]: Server running on port 8000
2024-12-17T13:04:27.195Z [INFO]: Connected to MongoDB
2024-12-17T13:05:15.079Z [INFO]: Server running on port 8000
2024-12-17T13:05:15.135Z [INFO]: Connected to MongoDB
2024-12-17T13:05:40.658Z [INFO]: Server running on port 8000
2024-12-17T13:05:40.705Z [INFO]: Connected to MongoDB
2024-12-17T13:05:49.546Z [INFO]: Server running on port 8000
2024-12-17T13:05:49.577Z [INFO]: Connected to MongoDB
2024-12-17T13:06:09.820Z [INFO]: Server running on port 8000
2024-12-17T13:06:09.892Z [INFO]: Connected to MongoDB
2024-12-17T13:07:37.223Z [INFO]: Server running on port 8000
2024-12-17T13:07:39.538Z [INFO]: Server running on port 8000
2024-12-17T13:07:39.610Z [INFO]: Connected to MongoDB
2024-12-17T13:09:10.808Z [INFO]: Server running on port 8000
2024-12-17T13:09:10.872Z [INFO]: Connected to MongoDB
2024-12-17T13:09:54.047Z [INFO]: Server running on port 8000
2024-12-17T13:09:54.107Z [INFO]: Connected to MongoDB
2024-12-17T13:10:46.513Z [INFO]: Server running on port 8000
2024-12-17T13:10:46.537Z [INFO]: Connected to MongoDB
2024-12-17T13:10:48.591Z [INFO]: Server running on port 8000
2024-12-17T13:10:48.630Z [INFO]: Connected to MongoDB
2024-12-17T13:11:27.429Z [INFO]: Server running on port 8000
2024-12-17T13:11:27.495Z [INFO]: Connected to MongoDB
2024-12-17T13:12:14.927Z [INFO]: Server running on port 8000
2024-12-17T13:12:14.979Z [INFO]: Connected to MongoDB
2024-12-17T13:12:33.979Z [INFO]: Server running on port 8000
2024-12-17T13:12:34.024Z [INFO]: Connected to MongoDB
2024-12-17T13:12:45.462Z [INFO]: Server running on port 8000
2024-12-17T13:12:45.520Z [INFO]: Connected to MongoDB
2024-12-17T13:13:11.182Z [INFO]: Server running on port 8000
2024-12-17T13:13:11.275Z [INFO]: Connected to MongoDB
2024-12-17T13:14:13.895Z [INFO]: Server running on port 8000
2024-12-17T13:14:14.051Z [INFO]: Connected to MongoDB
2024-12-17T13:15:20.070Z [INFO]: Server running on port 8000
2024-12-17T13:15:20.139Z [INFO]: Connected to MongoDB
2024-12-17T13:15:49.242Z [INFO]: Server running on port 8000
2024-12-17T13:15:49.326Z [INFO]: Connected to MongoDB
2024-12-17T13:16:25.717Z [INFO]: Server running on port 8000
2024-12-17T13:16:25.834Z [INFO]: Connected to MongoDB
2024-12-17T13:16:53.466Z [INFO]: Server running on port 8000
2024-12-17T13:16:53.749Z [INFO]: Connected to MongoDB
2024-12-17T13:17:41.812Z [INFO]: Server running on port 8000
2024-12-17T13:17:41.892Z [INFO]: Connected to MongoDB
2024-12-17T13:22:36.256Z [INFO]: Server running on port 8000
2024-12-17T13:22:36.337Z [INFO]: Connected to MongoDB
2024-12-17T13:23:33.932Z [INFO]: Server running on port 8000
2024-12-17T13:23:33.977Z [INFO]: Connected to MongoDB
2024-12-17T13:37:07.341Z [INFO]: Server running on port 8000
2024-12-17T13:37:07.384Z [INFO]: Connected to MongoDB
2024-12-17T16:17:21.263Z [INFO]: Server running on port 8000
2024-12-17T16:17:21.320Z [INFO]: Connected to MongoDB
2024-12-17T16:30:04.721Z [INFO]: Server running on port 8000
2024-12-17T16:30:04.781Z [INFO]: Connected to MongoDB
2024-12-17T16:32:30.538Z [INFO]: Server running on port 8000
2024-12-17T16:32:30.585Z [INFO]: Connected to MongoDB
2024-12-17T16:34:45.017Z [INFO]: Server running on port 8000
2024-12-17T16:34:45.060Z [INFO]: Connected to MongoDB
2024-12-17T16:40:42.892Z [INFO]: Server running on port 8000
2024-12-17T16:40:42.915Z [INFO]: Connected to MongoDB
2024-12-17T16:40:50.307Z [INFO]: Server running on port 8000
2024-12-17T16:40:50.353Z [INFO]: Connected to MongoDB
2024-12-17T16:41:43.825Z [INFO]: Server running on port 8000
2024-12-17T16:41:43.867Z [INFO]: Connected to MongoDB
2024-12-17T16:41:57.260Z [INFO]: Server running on port 8000
2024-12-17T16:41:57.297Z [INFO]: Connected to MongoDB
2024-12-17T16:43:26.006Z [INFO]: Server running on port 8000
2024-12-17T16:43:26.065Z [INFO]: Connected to MongoDB
2024-12-17T16:51:38.306Z [INFO]: Server running on port 8000
2024-12-17T16:51:38.359Z [INFO]: Connected to MongoDB
2024-12-17T16:51:58.875Z [INFO]: Server running on port 8000
2024-12-17T16:51:58.907Z [INFO]: Connected to MongoDB
2024-12-17T16:54:16.602Z [INFO]: Connected to MongoDB
2024-12-17T16:55:20.722Z [INFO]: Connected to MongoDB
2024-12-17T16:56:38.764Z [INFO]: Connected to MongoDB
2024-12-17T16:59:40.415Z [INFO]: Connected to MongoDB
2024-12-17T17:00:41.536Z [INFO]: Connected to MongoDB
2024-12-17T17:01:27.904Z [INFO]: Connected to MongoDB
2024-12-17T17:01:52.596Z [INFO]: Connected to MongoDB
2024-12-17T17:02:12.358Z [INFO]: Connected to MongoDB
2024-12-17T17:02:45.585Z [INFO]: Connected to MongoDB
2024-12-17T17:03:13.713Z [INFO]: Connected to MongoDB
2024-12-17T17:07:33.302Z [INFO]: Connected to MongoDB
2024-12-17T17:09:51.471Z [INFO]: Server running on port 8000
2024-12-17T17:09:51.513Z [INFO]: Connected to MongoDB
2024-12-17T17:11:51.543Z [INFO]: Server running on port 8000
2024-12-17T17:11:51.595Z [INFO]: Connected to MongoDB
2024-12-17T17:13:03.750Z [INFO]: Server running on port 8000
2024-12-17T17:13:03.781Z [INFO]: Connected to MongoDB
2024-12-17T17:14:37.631Z [INFO]: Server running on port 8000
2024-12-17T17:14:37.749Z [INFO]: Connected to MongoDB
2024-12-17T17:18:12.992Z [INFO]: Server running on port 8000
2024-12-17T17:18:13.029Z [INFO]: Connected to MongoDB
2024-12-17T17:21:44.492Z [INFO]: Server running on port 8000
2024-12-17T17:21:44.518Z [INFO]: Connected to MongoDB
2024-12-17T17:21:54.287Z [INFO]: Server running on port 8000
2024-12-17T17:21:54.364Z [INFO]: Connected to MongoDB
2024-12-17T18:42:11.019Z [INFO]: Server running on port 8000
2024-12-17T18:42:11.049Z [INFO]: Connected to MongoDB
2024-12-17T18:42:34.463Z [INFO]: Server running on port 8000
2024-12-17T18:42:34.504Z [INFO]: Connected to MongoDB
2024-12-17T18:42:43.598Z [INFO]: Server running on port 8000
2024-12-17T18:42:43.651Z [INFO]: Connected to MongoDB
2024-12-17T18:44:20.837Z [INFO]: Server running on port 8000
2024-12-17T18:44:20.922Z [INFO]: Connected to MongoDB
2024-12-17T18:47:36.362Z [INFO]: Server running on port 8000
2024-12-17T18:47:36.409Z [INFO]: Connected to MongoDB
2024-12-17T18:48:06.479Z [INFO]: Server running on port 8000
2024-12-17T18:48:06.507Z [INFO]: Connected to MongoDB
2024-12-17T18:49:04.905Z [INFO]: Server running on port 8000
2024-12-17T18:49:04.954Z [INFO]: Connected to MongoDB
2024-12-17T18:50:00.571Z [INFO]: Server running on port 8000
2024-12-17T18:50:00.788Z [INFO]: Connected to MongoDB
2024-12-17T18:50:13.183Z [ERROR]: Cannot read properties of undefined (reading 'access_token') Cannot read properties of undefined (reading 'access_token')
2024-12-17T18:55:36.574Z [INFO]: Server running on port 8000
2024-12-17T18:55:36.608Z [INFO]: Connected to MongoDB
2024-12-17T18:55:39.773Z [ERROR]: Cannot read properties of undefined (reading 'access_token') Cannot read properties of undefined (reading 'access_token')
2024-12-17T18:55:55.891Z [ERROR]: Cannot read properties of undefined (reading 'access_token') Cannot read properties of undefined (reading 'access_token')
2024-12-17T18:57:50.764Z [ERROR]: Cannot read properties of undefined (reading 'access_token') Cannot read properties of undefined (reading 'access_token')
2024-12-17T19:00:17.877Z [INFO]: Server running on port 8000
2024-12-17T19:00:17.958Z [INFO]: Connected to MongoDB
2024-12-17T19:00:43.370Z [INFO]: Server running on port 8000
2024-12-17T19:00:43.399Z [INFO]: Connected to MongoDB
2024-12-17T19:00:47.896Z [ERROR]: Cannot read properties of undefined (reading 'access_token') Cannot read properties of undefined (reading 'access_token')
2024-12-17T19:03:38.038Z [ERROR]: Cannot read properties of undefined (reading 'access_token') Cannot read properties of undefined (reading 'access_token')
2024-12-17T19:31:23.858Z [INFO]: Server running on port 8000
2024-12-17T19:31:23.897Z [INFO]: Connected to MongoDB
2024-12-19T06:16:40.625Z [INFO]: Server running on port 8000
2024-12-19T06:16:40.676Z [INFO]: Connected to MongoDB
2024-12-19T06:16:45.302Z [ERROR]: Cannot read properties of undefined (reading 'access_token') Cannot read properties of undefined (reading 'access_token')
2024-12-19T06:17:03.827Z [ERROR]: Cannot read properties of undefined (reading 'access_token') Cannot read properties of undefined (reading 'access_token')
2024-12-19T06:18:04.675Z [ERROR]: Cannot read properties of undefined (reading 'access_token') Cannot read properties of undefined (reading 'access_token')
2024-12-19T06:19:59.919Z [ERROR]: Cannot read properties of undefined (reading 'access_token') Cannot read properties of undefined (reading 'access_token')
2024-12-19T06:25:29.503Z [INFO]: Server running on port 8000
2024-12-19T06:25:29.570Z [INFO]: Connected to MongoDB
2024-12-19T06:25:30.854Z [ERROR]: Cannot read properties of undefined (reading 'access_token') Cannot read properties of undefined (reading 'access_token')
2024-12-19T06:26:44.216Z [INFO]: Server running on port 8000
2024-12-19T06:26:44.249Z [INFO]: Connected to MongoDB
2024-12-19T06:26:50.466Z [ERROR]: Cannot read properties of undefined (reading 'access_token') Cannot read properties of undefined (reading 'access_token')
2024-12-19T06:26:50.488Z [ERROR]: Cannot read properties of undefined (reading 'access_token') Cannot read properties of undefined (reading 'access_token')
2024-12-19T06:33:43.018Z [INFO]: Server running on port 8000
2024-12-19T06:33:43.053Z [INFO]: Connected to MongoDB
2024-12-19T06:35:05.418Z [INFO]: Server running on port 8000
2024-12-19T06:35:05.452Z [INFO]: Connected to MongoDB
2024-12-19T06:37:19.277Z [INFO]: Server running on port 8000
2024-12-19T06:37:19.324Z [INFO]: Connected to MongoDB
2024-12-19T06:38:02.616Z [INFO]: Server running on port 8000
2024-12-19T06:38:02.652Z [INFO]: Connected to MongoDB
2024-12-19T06:38:06.652Z [ERROR]: Cannot read properties of undefined (reading 'access_token') Cannot read properties of undefined (reading 'access_token')
2024-12-19T06:38:06.666Z [ERROR]: Cannot read properties of undefined (reading 'access_token') Cannot read properties of undefined (reading 'access_token')
2024-12-19T06:44:33.769Z [INFO]: Server running on port 8000
2024-12-19T06:44:33.806Z [INFO]: Connected to MongoDB
2024-12-19T06:44:48.731Z [INFO]: Server running on port 8000
2024-12-19T06:44:48.780Z [INFO]: Connected to MongoDB
2024-12-19T06:47:07.037Z [INFO]: Server running on port 8000
2024-12-19T06:47:07.082Z [INFO]: Connected to MongoDB
2024-12-19T06:55:06.433Z [INFO]: Server running on port 8000
2024-12-19T06:55:06.468Z [INFO]: Connected to MongoDB
2024-12-19T06:55:19.095Z [ERROR]: Cannot read properties of undefined (reading 'access_token') Cannot read properties of undefined (reading 'access_token')
2024-12-19T06:55:19.105Z [ERROR]: Cannot read properties of undefined (reading 'access_token') Cannot read properties of undefined (reading 'access_token')
2024-12-19T06:56:02.158Z [ERROR]: Cannot read properties of undefined (reading 'access_token') Cannot read properties of undefined (reading 'access_token')
2024-12-19T06:56:02.165Z [ERROR]: Cannot read properties of undefined (reading 'access_token') Cannot read properties of undefined (reading 'access_token')
2024-12-19T07:00:43.134Z [INFO]: Server running on port 8000
2024-12-19T07:00:43.173Z [INFO]: Connected to MongoDB
2024-12-19T07:01:11.064Z [INFO]: Server running on port 8000
2024-12-19T07:01:11.098Z [INFO]: Connected to MongoDB
2024-12-19T07:14:25.684Z [INFO]: Server running on port 8000
2024-12-19T07:14:25.717Z [INFO]: Connected to MongoDB
2024-12-19T07:15:59.984Z [INFO]: Server running on port 8000
2024-12-19T07:16:00.027Z [INFO]: Connected to MongoDB
2024-12-19T07:18:15.269Z [INFO]: Server running on port 8000
2024-12-19T07:18:15.328Z [INFO]: Connected to MongoDB
2024-12-19T07:30:28.216Z [INFO]: Server running on port 8000
2024-12-19T07:30:28.266Z [INFO]: Connected to MongoDB
2024-12-19T07:31:09.078Z [INFO]: Server running on port 8000
2024-12-19T07:31:09.130Z [INFO]: Connected to MongoDB
2024-12-19T07:31:58.546Z [INFO]: Server running on port 8000
2024-12-19T07:31:58.608Z [INFO]: Connected to MongoDB
2024-12-19T07:39:15.759Z [INFO]: Server running on port 8000
2024-12-19T07:39:15.815Z [INFO]: Connected to MongoDB
2024-12-19T07:40:37.262Z [INFO]: Server running on port 8000
2024-12-19T07:40:37.297Z [INFO]: Connected to MongoDB
2024-12-19T09:30:39.099Z [INFO]: Server running on port 8000
2024-12-19T09:30:39.138Z [INFO]: Connected to MongoDB
2024-12-19T09:30:46.184Z [INFO]: Server running on port 8000
2024-12-19T09:30:46.247Z [INFO]: Connected to MongoDB
2024-12-19T09:30:52.825Z [INFO]: Server running on port 8000
2024-12-19T09:30:52.991Z [INFO]: Connected to MongoDB
2024-12-19T09:31:55.907Z [INFO]: Server running on port 8000
2024-12-19T09:31:55.966Z [INFO]: Connected to MongoDB
2024-12-19T09:33:05.899Z [INFO]: Server running on port 8000
2024-12-19T09:33:05.938Z [INFO]: Connected to MongoDB
2024-12-19T09:33:11.446Z [INFO]: Server running on port 8000
2024-12-19T09:33:11.508Z [INFO]: Connected to MongoDB
2024-12-19T09:46:15.664Z [INFO]: Server running on port 8000
2024-12-19T09:46:15.745Z [INFO]: Connected to MongoDB
2024-12-19T09:46:45.267Z [INFO]: Server running on port 8000
2024-12-19T09:46:45.324Z [INFO]: Connected to MongoDB
2024-12-19T09:46:52.259Z [INFO]: Server running on port 8000
2024-12-19T09:46:52.330Z [INFO]: Connected to MongoDB
2024-12-19T09:59:34.467Z [INFO]: Server running on port 8000
2024-12-19T09:59:34.587Z [INFO]: Connected to MongoDB
2024-12-19T10:04:27.160Z [INFO]: Server running on port 8000
2024-12-19T10:04:27.202Z [INFO]: Connected to MongoDB
2024-12-19T10:05:18.699Z [INFO]: Server running on port 8000
2024-12-19T10:05:18.757Z [INFO]: Connected to MongoDB
2024-12-19T10:08:50.648Z [INFO]: Server running on port 8000
2024-12-19T10:08:50.760Z [INFO]: Connected to MongoDB
2024-12-19T10:21:28.966Z [INFO]: Server running on port 8000
2024-12-19T10:21:29.025Z [INFO]: Connected to MongoDB
2024-12-19T10:21:33.337Z [INFO]: Server running on port 8000
2024-12-19T10:21:33.395Z [INFO]: Connected to MongoDB
2024-12-19T10:32:06.205Z [INFO]: Server running on port 8000
2024-12-19T10:32:06.285Z [INFO]: Connected to MongoDB
2024-12-19T10:33:17.160Z [INFO]: Server running on port 8000
2024-12-19T10:33:17.263Z [INFO]: Connected to MongoDB
2024-12-19T10:33:35.055Z [INFO]: Server running on port 8000
2024-12-19T10:33:35.127Z [INFO]: Connected to MongoDB
2024-12-19T10:39:38.645Z [INFO]: Server running on port 8000
2024-12-19T10:39:38.693Z [INFO]: Connected to MongoDB
2024-12-19T10:41:10.921Z [INFO]: Server running on port 8000
2024-12-19T10:41:10.962Z [INFO]: Connected to MongoDB
2024-12-19T10:41:58.100Z [INFO]: Server running on port 8000
2024-12-19T10:41:58.186Z [INFO]: Connected to MongoDB
2024-12-19T10:44:31.532Z [INFO]: Server running on port 8000
2024-12-19T10:44:31.570Z [INFO]: Connected to MongoDB
2024-12-19T10:44:41.871Z [INFO]: Server running on port 8000
2024-12-19T10:44:41.896Z [INFO]: Connected to MongoDB
2024-12-19T10:44:54.687Z [INFO]: Server running on port 8000
2024-12-19T10:44:54.713Z [INFO]: Connected to MongoDB
2024-12-19T10:45:12.361Z [INFO]: Server running on port 8000
2024-12-19T10:45:12.395Z [INFO]: Connected to MongoDB
2024-12-19T10:51:36.180Z [INFO]: Server running on port 8000
2024-12-19T10:51:36.211Z [INFO]: Connected to MongoDB
2024-12-19T11:12:12.244Z [INFO]: Server running on port 8000
2024-12-19T11:12:12.285Z [INFO]: Connected to MongoDB
2024-12-19T11:14:32.654Z [INFO]: Server running on port 8000
2024-12-19T11:14:32.705Z [INFO]: Connected to MongoDB
2024-12-19T11:37:44.493Z [INFO]: Server running on port 8000
2024-12-19T11:37:44.533Z [INFO]: Connected to MongoDB
2024-12-19T12:06:25.657Z [INFO]: Server running on port 8000
2024-12-19T12:06:25.690Z [INFO]: Connected to MongoDB
2024-12-19T12:06:30.411Z [INFO]: Server running on port 8000
2024-12-19T12:06:30.553Z [INFO]: Connected to MongoDB
2024-12-19T12:15:12.938Z [INFO]: Server running on port 8000
2024-12-19T12:15:12.964Z [INFO]: Connected to MongoDB
2024-12-19T12:21:42.049Z [INFO]: Server running on port 8000
2024-12-19T12:21:42.097Z [INFO]: Connected to MongoDB
2024-12-19T12:23:48.395Z [INFO]: Server running on port 8000
2024-12-19T12:23:48.466Z [INFO]: Connected to MongoDB
2024-12-19T12:29:30.460Z [INFO]: Server running on port 8000
2024-12-19T12:29:30.495Z [INFO]: Connected to MongoDB
2024-12-19T12:29:42.336Z [INFO]: Server running on port 8000
2024-12-19T12:29:42.378Z [INFO]: Connected to MongoDB
2024-12-19T12:38:02.499Z [INFO]: Server running on port 8000
2024-12-19T12:38:02.525Z [INFO]: Connected to MongoDB
2024-12-19T12:43:52.487Z [INFO]: Server running on port 8000
2024-12-19T12:43:52.514Z [INFO]: Connected to MongoDB
2024-12-19T12:44:02.425Z [INFO]: Server running on port 8000
2024-12-19T12:44:02.478Z [INFO]: Connected to MongoDB
2024-12-19T12:44:17.072Z [INFO]: Server running on port 8000
2024-12-19T12:44:17.136Z [INFO]: Connected to MongoDB
2024-12-19T12:54:34.278Z [INFO]: Server running on port 8000
2024-12-19T12:54:34.306Z [INFO]: Connected to MongoDB
2024-12-19T12:55:22.715Z [INFO]: Server running on port 8000
2024-12-19T12:55:22.742Z [INFO]: Connected to MongoDB
2024-12-19T12:55:59.700Z [INFO]: Server running on port 8000
2024-12-19T12:55:59.757Z [INFO]: Connected to MongoDB
2024-12-19T12:56:17.521Z [INFO]: Server running on port 8000
2024-12-19T12:56:17.566Z [INFO]: Connected to MongoDB
2024-12-19T12:57:06.170Z [INFO]: Server running on port 8000
2024-12-19T12:57:06.226Z [INFO]: Connected to MongoDB
2024-12-19T12:57:44.168Z [INFO]: Server running on port 8000
2024-12-19T12:57:44.211Z [INFO]: Connected to MongoDB
2024-12-19T12:58:23.791Z [INFO]: Server running on port 8000
2024-12-19T12:58:23.853Z [INFO]: Connected to MongoDB
2024-12-19T12:59:39.504Z [INFO]: Server running on port 8000
2024-12-19T12:59:39.550Z [INFO]: Connected to MongoDB
2024-12-19T13:00:16.476Z [INFO]: Server running on port 8000
2024-12-19T13:00:16.523Z [INFO]: Connected to MongoDB
2024-12-19T13:00:21.575Z [INFO]: Server running on port 8000
2024-12-19T13:00:21.612Z [INFO]: Connected to MongoDB
2024-12-19T13:00:29.724Z [INFO]: Server running on port 8000
2024-12-19T13:00:29.772Z [INFO]: Connected to MongoDB
2024-12-19T13:00:45.045Z [INFO]: Server running on port 8000
2024-12-19T13:00:45.079Z [INFO]: Connected to MongoDB
2024-12-19T13:00:56.265Z [INFO]: Server running on port 8000
2024-12-19T13:00:56.316Z [INFO]: Connected to MongoDB
2024-12-19T13:01:43.261Z [INFO]: Server running on port 8000
2024-12-19T13:01:43.285Z [INFO]: Connected to MongoDB
2024-12-19T13:02:08.456Z [INFO]: Server running on port 8000
2024-12-19T13:02:08.491Z [INFO]: Connected to MongoDB
2024-12-19T13:02:11.719Z [INFO]: Server running on port 8000
2024-12-19T13:02:11.753Z [INFO]: Connected to MongoDB
2024-12-19T13:03:12.594Z [INFO]: Server running on port 8000
2024-12-19T13:03:12.707Z [INFO]: Connected to MongoDB
2024-12-19T13:03:28.500Z [INFO]: Server running on port 8000
2024-12-19T13:03:28.531Z [INFO]: Connected to MongoDB
2024-12-19T13:21:13.286Z [INFO]: Server running on port 8000
2024-12-19T13:21:13.551Z [INFO]: Connected to MongoDB
2024-12-19T13:25:43.471Z [INFO]: Server running on port 8000
2024-12-19T13:25:43.520Z [INFO]: Connected to MongoDB
2024-12-19T13:29:31.830Z [INFO]: Server running on port 8000
2024-12-19T13:29:31.906Z [INFO]: Connected to MongoDB
2024-12-19T17:24:02.647Z [INFO]: Server running on port 8000
2024-12-19T17:24:02.702Z [INFO]: Connected to MongoDB
2024-12-19T17:34:04.423Z [INFO]: Server running on port 8000
2024-12-19T17:34:04.485Z [INFO]: Connected to MongoDB
2024-12-19T18:35:16.052Z [INFO]: Server running on port 8000
2024-12-19T18:35:16.105Z [INFO]: Connected to MongoDB
2024-12-19T18:37:15.600Z [INFO]: Server running on port 8000
2024-12-19T18:37:15.665Z [INFO]: Connected to MongoDB
2024-12-19T18:37:55.346Z [INFO]: Connected to MongoDB
2024-12-19T18:38:20.259Z [INFO]: Connected to MongoDB
2024-12-19T18:38:34.832Z [INFO]: Connected to MongoDB
2024-12-20T10:28:27.370Z [INFO]: Connected to MongoDB
2024-12-20T10:29:18.441Z [INFO]: Server running on port 8000
2024-12-20T10:29:18.570Z [INFO]: Connected to MongoDB
2024-12-20T10:29:28.748Z [INFO]: Server running on port 8000
2024-12-20T10:29:28.815Z [INFO]: Connected to MongoDB
2024-12-20T10:35:00.597Z [INFO]: Server running on port 8000
2024-12-20T10:35:00.637Z [INFO]: Connected to MongoDB
2024-12-20T10:40:31.736Z [INFO]: Server running on port 8000
2024-12-20T10:40:31.781Z [INFO]: Connected to MongoDB
2024-12-20T10:41:22.605Z [INFO]: Server running on port 8000
2024-12-20T10:41:22.661Z [INFO]: Connected to MongoDB
2024-12-20T10:42:26.614Z [INFO]: Server running on port 8000
2024-12-20T10:42:26.675Z [INFO]: Connected to MongoDB
2024-12-20T10:42:34.932Z [INFO]: Server running on port 8000
2024-12-20T10:42:35.006Z [INFO]: Connected to MongoDB
2024-12-20T10:43:05.279Z [INFO]: Server running on port 8000
2024-12-20T10:43:05.546Z [INFO]: Connected to MongoDB
2024-12-20T10:49:23.088Z [INFO]: Server running on port 8000
2024-12-20T10:49:23.182Z [INFO]: Connected to MongoDB
2024-12-20T10:51:06.248Z [INFO]: Server running on port 8000
2024-12-20T10:51:06.336Z [INFO]: Connected to MongoDB
2024-12-20T10:51:35.985Z [INFO]: Server running on port 8000
2024-12-20T10:51:36.028Z [INFO]: Connected to MongoDB
2024-12-20T10:52:59.359Z [INFO]: Server running on port 8000
2024-12-20T10:52:59.392Z [INFO]: Connected to MongoDB
2024-12-20T10:53:03.396Z [INFO]: Server running on port 8000
2024-12-20T10:53:03.519Z [INFO]: Connected to MongoDB
2024-12-20T10:53:15.316Z [INFO]: Server running on port 8000
2024-12-20T10:53:15.455Z [INFO]: Connected to MongoDB
2024-12-20T10:55:06.829Z [INFO]: Server running on port 8000
2024-12-20T10:55:06.862Z [INFO]: Connected to MongoDB
2024-12-20T11:01:07.574Z [INFO]: Server running on port 8000
2024-12-20T11:01:07.656Z [INFO]: Connected to MongoDB
2024-12-20T11:04:54.924Z [INFO]: Server running on port 8000
2024-12-20T11:04:54.958Z [INFO]: Connected to MongoDB
2024-12-20T11:08:51.948Z [INFO]: Server running on port 8000
2024-12-20T11:08:52.006Z [INFO]: Connected to MongoDB
2024-12-20T11:43:07.031Z [INFO]: Server running on port 8000
2024-12-20T11:43:07.075Z [INFO]: Connected to MongoDB
2024-12-20T11:46:55.816Z [INFO]: Server running on port 8000
2024-12-20T11:46:55.852Z [INFO]: Connected to MongoDB
2024-12-20T11:47:17.247Z [INFO]: Server running on port 8000
2024-12-20T11:47:17.331Z [INFO]: Connected to MongoDB
2024-12-20T11:58:44.062Z [INFO]: Server running on port 8000
2024-12-20T11:58:44.095Z [INFO]: Connected to MongoDB
2024-12-20T11:59:47.745Z [INFO]: Server running on port 8000
2024-12-20T11:59:47.781Z [INFO]: Connected to MongoDB
2024-12-20T11:59:57.496Z [INFO]: Server running on port 8000
2024-12-20T11:59:57.543Z [INFO]: Connected to MongoDB
2024-12-20T12:03:36.477Z [INFO]: Server running on port 8000
2024-12-20T12:03:36.533Z [INFO]: Connected to MongoDB
2024-12-20T12:11:54.113Z [INFO]: Server running on port 8000
2024-12-20T12:11:54.151Z [INFO]: Connected to MongoDB
2024-12-20T12:12:37.746Z [INFO]: Server running on port 8000
2024-12-20T12:12:37.805Z [INFO]: Connected to MongoDB
2024-12-20T12:14:14.470Z [INFO]: Server running on port 8000
2024-12-20T12:14:14.521Z [INFO]: Connected to MongoDB
2024-12-20T12:16:50.291Z [INFO]: Server running on port 8000
2024-12-20T12:16:50.367Z [INFO]: Connected to MongoDB
2024-12-20T12:21:15.096Z [INFO]: Server running on port 8000
2024-12-20T12:21:15.142Z [INFO]: Connected to MongoDB
2024-12-20T12:21:19.055Z [INFO]: Server running on port 8000
2024-12-20T12:21:19.090Z [INFO]: Connected to MongoDB
2024-12-20T17:06:17.124Z [INFO]: Server running on port 8000
2024-12-20T17:06:17.180Z [INFO]: Connected to MongoDB
2024-12-21T16:47:26.898Z [INFO]: Server running on port 8000
2024-12-21T16:47:27.042Z [INFO]: Connected to MongoDB
2024-12-22T16:55:55.832Z [INFO]: Server running on port 8000
2024-12-22T16:55:55.892Z [INFO]: Connected to MongoDB
2024-12-24T17:05:30.130Z [INFO]: Server running on port 8000
2024-12-24T17:06:09.553Z [ERROR]: Could not connect to MongoDB Could not connect to any servers in your MongoDB Atlas cluster. One common reason is that you're trying to access the database from an IP that isn't whitelisted. Make sure your current IP address is on your Atlas cluster's IP whitelist: https://www.mongodb.com/docs/atlas/security-whitelist/
2024-12-24T17:06:24.398Z [INFO]: Server running on port 8000
2024-12-24T17:06:48.022Z [INFO]: Connected to MongoDB
2024-12-24T17:29:22.586Z [INFO]: Server running on port 8000
2024-12-24T17:29:34.918Z [INFO]: Server running on port 8000
2024-12-24T17:30:05.539Z [ERROR]: Could not connect to MongoDB Could not connect to any servers in your MongoDB Atlas cluster. One common reason is that you're trying to access the database from an IP that isn't whitelisted. Make sure your current IP address is on your Atlas cluster's IP whitelist: https://www.mongodb.com/docs/atlas/security-whitelist/
2024-12-24T17:31:50.710Z [INFO]: Server running on port 8000
2024-12-24T17:32:34.547Z [ERROR]: Could not connect to MongoDB Could not connect to any servers in your MongoDB Atlas cluster. One common reason is that you're trying to access the database from an IP that isn't whitelisted. Make sure your current IP address is on your Atlas cluster's IP whitelist: https://www.mongodb.com/docs/atlas/security-whitelist/
2024-12-24T18:07:32.844Z [INFO]: Server running on port 8000
2024-12-25T06:08:42.325Z [INFO]: Server running on port 8000
2024-12-25T06:14:24.863Z [INFO]: Server running on port 8000
2024-12-25T06:14:54.956Z [ERROR]: Could not connect to MongoDB Could not connect to any servers in your MongoDB Atlas cluster. One common reason is that you're trying to access the database from an IP that isn't whitelisted. Make sure your current IP address is on your Atlas cluster's IP whitelist: https://www.mongodb.com/docs/atlas/security-whitelist/
2024-12-25T06:38:02.764Z [INFO]: Server running on port 8000
2024-12-25T06:38:09.198Z [INFO]: Connected to MongoDB
2024-12-25T06:51:08.053Z [INFO]: Server running on port 8000
2024-12-25T06:51:11.658Z [INFO]: Connected to MongoDB
2024-12-25T06:51:15.521Z [INFO]: Server running on port 8000
2024-12-25T06:51:22.397Z [INFO]: Connected to MongoDB
2025-01-04T03:31:09.052Z [INFO]: Server running on port 8000
2025-01-04T03:31:39.218Z [ERROR]: Could not connect to MongoDB Could not connect to any servers in your MongoDB Atlas cluster. One common reason is that you're trying to access the database from an IP that isn't whitelisted. Make sure your current IP address is on your Atlas cluster's IP whitelist: https://www.mongodb.com/docs/atlas/security-whitelist/
2025-01-04T03:31:50.525Z [INFO]: Server running on port 8000
2025-01-04T03:32:20.685Z [ERROR]: Could not connect to MongoDB Could not connect to any servers in your MongoDB Atlas cluster. One common reason is that you're trying to access the database from an IP that isn't whitelisted. Make sure your current IP address is on your Atlas cluster's IP whitelist: https://www.mongodb.com/docs/atlas/security-whitelist/
2025-01-04T03:33:35.625Z [INFO]: Server running on port 8000
2025-01-04T03:34:03.958Z [INFO]: Server running on port 8000
2025-01-04T03:34:27.501Z [INFO]: Server running on port 8000
2025-01-04T03:34:57.723Z [ERROR]: Could not connect to MongoDB Could not connect to any servers in your MongoDB Atlas cluster. One common reason is that you're trying to access the database from an IP that isn't whitelisted. Make sure your current IP address is on your Atlas cluster's IP whitelist: https://www.mongodb.com/docs/atlas/security-whitelist/
2025-01-04T03:35:51.542Z [INFO]: Server running on port 8000
2025-01-04T03:36:21.819Z [ERROR]: Could not connect to MongoDB Could not connect to any servers in your MongoDB Atlas cluster. One common reason is that you're trying to access the database from an IP that isn't whitelisted. Make sure your current IP address is on your Atlas cluster's IP whitelist: https://www.mongodb.com/docs/atlas/security-whitelist/
2025-01-04T03:37:20.699Z [INFO]: Server running on port 8000
2025-01-04T03:37:20.796Z [INFO]: Connected to MongoDB
2025-01-04T03:56:57.582Z [INFO]: Server running on port 8000
2025-01-04T03:56:57.680Z [INFO]: Connected to MongoDB
2025-01-04T04:12:52.848Z [INFO]: Server running on port 8000
2025-01-04T04:12:52.920Z [INFO]: Connected to MongoDB
2025-01-04T04:13:03.366Z [INFO]: Server running on port 8000
2025-01-04T04:13:03.404Z [INFO]: Connected to MongoDB
2025-01-04T04:21:56.062Z [INFO]: Server running on port 8000
2025-01-04T04:21:56.099Z [INFO]: Connected to MongoDB
2025-01-04T04:23:40.817Z [INFO]: Server running on port 8000
2025-01-04T04:23:40.865Z [INFO]: Connected to MongoDB
2025-01-04T04:23:46.661Z [INFO]: Server running on port 8000
2025-01-04T04:23:46.697Z [INFO]: Connected to MongoDB
2025-01-04T04:39:45.028Z [INFO]: Server running on port 8000
2025-01-04T04:39:45.134Z [INFO]: Connected to MongoDB
2025-01-04T04:40:03.049Z [INFO]: Server running on port 8000
2025-01-04T04:40:03.117Z [INFO]: Connected to MongoDB
2025-01-04T04:46:02.940Z [INFO]: Server running on port 8000
2025-01-04T04:46:02.997Z [INFO]: Connected to MongoDB
2025-01-04T04:48:56.668Z [INFO]: Server running on port 8000
2025-01-04T04:48:57.151Z [INFO]: Connected to MongoDB
2025-01-04T04:49:37.429Z [INFO]: Server running on port 8000
2025-01-04T04:49:37.476Z [INFO]: Connected to MongoDB
2025-01-04T04:50:33.440Z [INFO]: Server running on port 8000
2025-01-04T04:50:33.491Z [INFO]: Connected to MongoDB
2025-01-04T04:50:48.358Z [INFO]: Server running on port 8000
2025-01-04T04:50:48.407Z [INFO]: Connected to MongoDB
2025-01-04T04:51:30.753Z [INFO]: Server running on port 8000
2025-01-04T04:51:30.800Z [INFO]: Connected to MongoDB
2025-01-04T04:54:24.143Z [INFO]: Server running on port 8000
2025-01-04T04:54:24.204Z [INFO]: Connected to MongoDB
2025-01-04T04:54:48.436Z [INFO]: Server running on port 8000
2025-01-04T04:54:48.485Z [INFO]: Connected to MongoDB
2025-01-04T04:56:24.911Z [INFO]: Server running on port 8000
2025-01-04T04:56:24.976Z [INFO]: Connected to MongoDB
2025-01-04T04:56:36.016Z [INFO]: Server running on port 8000
2025-01-04T04:56:36.070Z [INFO]: Connected to MongoDB
2025-01-04T04:58:39.111Z [INFO]: Server running on port 8000
2025-01-04T04:58:39.149Z [INFO]: Connected to MongoDB
2025-01-04T05:01:59.987Z [INFO]: Server running on port 8000
2025-01-04T05:02:00.036Z [INFO]: Connected to MongoDB
2025-01-04T05:02:06.933Z [INFO]: Server running on port 8000
2025-01-04T05:02:06.969Z [INFO]: Connected to MongoDB
2025-01-04T05:03:30.427Z [INFO]: Server running on port 8000
2025-01-04T05:03:30.467Z [INFO]: Connected to MongoDB
2025-01-04T06:08:57.683Z [INFO]: Server running on port 8000
2025-01-04T06:09:00.005Z [INFO]: Connected to MongoDB
2025-01-04T06:10:34.979Z [INFO]: Server running on port 8000
2025-01-04T06:10:36.478Z [INFO]: Connected to MongoDB
2025-01-04T06:17:00.287Z [INFO]: Server running on port 8000
2025-01-04T06:17:01.604Z [INFO]: Connected to MongoDB
2025-01-04T06:17:43.235Z [INFO]: Server running on port 8000
2025-01-04T06:17:44.371Z [INFO]: Connected to MongoDB
2025-01-04T06:22:27.381Z [INFO]: Server running on port 8000
2025-01-04T06:22:28.760Z [INFO]: Connected to MongoDB
2025-01-04T06:31:12.985Z [INFO]: Server running on port 8000
2025-01-04T06:31:14.358Z [INFO]: Connected to MongoDB
2025-01-04T06:38:29.875Z [INFO]: Server running on port 8000
2025-01-04T06:38:31.344Z [INFO]: Connected to MongoDB
2025-01-04T06:39:42.983Z [INFO]: Server running on port 8000
2025-01-04T06:39:44.155Z [INFO]: Connected to MongoDB
2025-01-04T06:40:15.365Z [INFO]: Server running on port 8000
2025-01-04T06:40:18.548Z [INFO]: Connected to MongoDB
2025-01-04T13:24:32.381Z [INFO]: Server running on port 8000
2025-01-04T13:24:39.375Z [INFO]: Connected to MongoDB
2025-01-04T13:36:13.336Z [INFO]: Server running on port 8000
2025-01-04T13:36:16.401Z [INFO]: Connected to MongoDB
2025-01-04T13:41:50.718Z [INFO]: Server running on port 8000
2025-01-04T13:41:54.471Z [INFO]: Connected to MongoDB
2025-01-04T13:44:32.136Z [INFO]: Server running on port 8000
2025-01-04T13:44:37.146Z [INFO]: Connected to MongoDB
2025-01-04T13:45:17.180Z [INFO]: Server running on port 8000
2025-01-04T13:45:49.974Z [INFO]: Connected to MongoDB
2025-01-04T13:52:41.907Z [INFO]: Server running on port 8000
2025-01-04T13:52:44.622Z [INFO]: Connected to MongoDB
2025-01-04T13:54:21.877Z [INFO]: Server running on port 8000
2025-01-04T13:54:25.854Z [INFO]: Connected to MongoDB
2025-01-04T13:56:50.906Z [INFO]: Server running on port 8000
2025-01-04T13:56:52.890Z [INFO]: Connected to MongoDB
2025-01-04T13:59:22.450Z [INFO]: Server running on port 8000
2025-01-04T13:59:23.942Z [INFO]: Connected to MongoDB
2025-01-04T14:04:22.488Z [INFO]: Server running on port 8000
2025-01-04T14:04:23.813Z [INFO]: Connected to MongoDB
2025-01-04T14:06:41.323Z [INFO]: Server running on port 8000
2025-01-04T14:06:44.117Z [INFO]: Connected to MongoDB
2025-01-04T14:07:01.445Z [INFO]: Server running on port 8000
2025-01-04T14:07:02.650Z [INFO]: Connected to MongoDB
2025-01-04T14:08:07.114Z [INFO]: Server running on port 8000
2025-01-04T14:08:08.954Z [INFO]: Connected to MongoDB
2025-01-04T14:22:53.986Z [INFO]: Server running on port 8000
2025-01-04T14:22:56.285Z [INFO]: Connected to MongoDB
2025-01-04T14:24:36.598Z [INFO]: Server running on port 8000
2025-01-04T14:24:38.038Z [INFO]: Connected to MongoDB
2025-01-04T14:24:58.087Z [INFO]: Server running on port 8000
2025-01-04T14:24:59.728Z [INFO]: Connected to MongoDB
2025-01-04T14:26:12.846Z [INFO]: Server running on port 8000
2025-01-04T14:26:15.144Z [INFO]: Connected to MongoDB
2025-01-04T14:26:32.004Z [INFO]: Server running on port 8000
2025-01-04T14:26:34.696Z [INFO]: Connected to MongoDB
2025-01-04T14:26:42.743Z [INFO]: Server running on port 8000
2025-01-04T14:26:44.052Z [INFO]: Connected to MongoDB
2025-01-04T14:32:58.534Z [INFO]: Server running on port 8000
2025-01-04T14:33:00.620Z [INFO]: Connected to MongoDB
2025-01-04T14:36:17.113Z [INFO]: Server running on port 8000
2025-01-04T14:36:19.951Z [INFO]: Connected to MongoDB
2025-01-04T14:47:14.424Z [INFO]: Server running on port 8000
2025-01-04T14:47:15.805Z [INFO]: Connected to MongoDB
2025-01-04T14:47:46.074Z [INFO]: Server running on port 8000
2025-01-04T14:47:47.444Z [INFO]: Connected to MongoDB
2025-01-04T14:49:53.807Z [INFO]: Server running on port 8000
2025-01-04T14:49:58.318Z [INFO]: Connected to MongoDB
2025-01-04T14:50:23.740Z [INFO]: Server running on port 8000
2025-01-04T14:50:25.029Z [INFO]: Connected to MongoDB
2025-01-08T12:50:25.950Z [INFO]: Server running on port 8000
2025-01-08T12:50:27.342Z [INFO]: Connected to MongoDB
2025-01-08T12:58:28.057Z [INFO]: Server running on port 8000
2025-01-08T12:58:29.494Z [INFO]: Connected to MongoDB
2025-01-08T13:00:17.971Z [INFO]: Server running on port 8000
2025-01-08T13:00:19.251Z [INFO]: Connected to MongoDB
2025-01-08T13:01:36.676Z [INFO]: Server running on port 8000
2025-01-08T13:01:37.825Z [INFO]: Connected to MongoDB
2025-01-08T13:16:28.473Z [INFO]: Server running on port 8000
2025-01-08T13:16:29.909Z [INFO]: Connected to MongoDB
2025-01-08T13:17:53.754Z [INFO]: Server running on port 8000
2025-01-08T13:17:55.336Z [INFO]: Connected to MongoDB
2025-01-08T13:18:05.440Z [INFO]: Server running on port 8000
2025-01-08T13:18:06.430Z [INFO]: Connected to MongoDB
2025-01-08T13:20:19.527Z [INFO]: Server running on port 8000
2025-01-08T13:20:20.748Z [INFO]: Connected to MongoDB
2025-01-08T13:20:29.134Z [INFO]: Server running on port 8000
2025-01-08T13:20:30.748Z [INFO]: Connected to MongoDB
2025-01-08T13:20:44.050Z [INFO]: Server running on port 8000
2025-01-08T13:20:45.206Z [INFO]: Connected to MongoDB
2025-01-08T13:23:14.735Z [INFO]: Server running on port 8000
2025-01-08T13:23:20.029Z [INFO]: Server running on port 8000
2025-01-08T13:23:44.479Z [ERROR]: Could not connect to MongoDB querySrv ETIMEOUT _mongodb._tcp.massage-spa-kenya.e3d3e.mongodb.net
2025-01-08T14:02:19.449Z [INFO]: Server running on port 8000
2025-01-08T14:02:20.675Z [INFO]: Connected to MongoDB
2025-01-08T14:04:42.235Z [INFO]: Server running on port 8000
2025-01-08T14:04:45.838Z [INFO]: Connected to MongoDB
2025-01-08T14:04:59.361Z [INFO]: Server running on port 8000
2025-01-08T14:05:01.988Z [INFO]: Connected to MongoDB
2025-01-08T14:07:04.631Z [INFO]: Server running on port 8000
2025-01-08T14:07:06.073Z [INFO]: Connected to MongoDB
2025-01-08T14:07:09.395Z [INFO]: Server running on port 8000
2025-01-08T14:07:13.173Z [INFO]: Connected to MongoDB
2025-01-08T14:07:31.101Z [INFO]: Server running on port 8000
2025-01-08T14:07:33.920Z [INFO]: Connected to MongoDB
2025-01-08T14:10:31.090Z [INFO]: Server running on port 8000
2025-01-08T14:10:32.230Z [INFO]: Connected to MongoDB
2025-01-08T14:28:08.083Z [INFO]: Server running on port 8000
2025-01-08T14:28:09.729Z [INFO]: Connected to MongoDB
2025-01-08T14:28:54.407Z [INFO]: Server running on port 8000
2025-01-08T14:28:56.631Z [INFO]: Connected to MongoDB
2025-01-08T14:29:53.995Z [INFO]: Server running on port 8000
2025-01-08T14:29:57.435Z [INFO]: Connected to MongoDB
2025-01-08T14:35:51.553Z [INFO]: Server running on port 8000
2025-01-08T14:35:53.072Z [INFO]: Connected to MongoDB
2025-01-08T14:36:00.898Z [INFO]: Server running on port 8000
2025-01-08T14:36:03.161Z [INFO]: Connected to MongoDB
2025-01-08T14:52:19.177Z [INFO]: Server running on port 8000
2025-01-08T14:52:21.751Z [INFO]: Server running on port 8000
2025-01-08T14:52:23.354Z [INFO]: Connected to MongoDB
2025-01-08T14:52:51.854Z [INFO]: Server running on port 8000
2025-01-08T14:52:55.101Z [INFO]: Server running on port 8000
2025-01-08T14:52:56.383Z [INFO]: Connected to MongoDB
2025-01-08T15:04:01.928Z [INFO]: Server running on port 8000
2025-01-08T15:04:05.042Z [INFO]: Connected to MongoDB
2025-01-08T15:04:15.120Z [INFO]: Server running on port 8000
2025-01-08T15:04:16.525Z [INFO]: Connected to MongoDB
2025-01-08T15:05:20.326Z [INFO]: Server running on port 8000
2025-01-08T15:05:21.897Z [INFO]: Connected to MongoDB
2025-01-08T15:08:45.918Z [INFO]: Server running on port 8000
2025-01-08T15:08:47.202Z [INFO]: Connected to MongoDB
2025-01-08T15:08:50.152Z [INFO]: Server running on port 8000
2025-01-08T15:08:51.204Z [INFO]: Connected to MongoDB
2025-01-08T15:13:00.063Z [INFO]: Server running on port 8000
2025-01-08T15:13:01.364Z [INFO]: Connected to MongoDB
2025-01-08T15:26:28.046Z [INFO]: Server running on port 8000
2025-01-08T15:26:29.260Z [INFO]: Connected to MongoDB
2025-01-08T15:33:25.512Z [INFO]: Server running on port 8000
2025-01-08T15:33:27.321Z [INFO]: Connected to MongoDB
2025-01-08T15:34:26.395Z [INFO]: Server running on port 8000
2025-01-08T15:34:27.837Z [INFO]: Connected to MongoDB
2025-01-08T15:34:38.571Z [INFO]: Server running on port 8000
2025-01-08T15:34:39.758Z [INFO]: Connected to MongoDB
2025-01-08T15:35:03.599Z [INFO]: Server running on port 8000
2025-01-08T15:35:04.960Z [INFO]: Connected to MongoDB
2025-01-08T15:36:05.509Z [INFO]: Server running on port 8000
2025-01-08T15:36:07.260Z [INFO]: Connected to MongoDB
2025-01-08T15:36:27.390Z [INFO]: Server running on port 8000
2025-01-08T15:36:28.785Z [INFO]: Connected to MongoDB
2025-01-08T15:43:40.236Z [INFO]: Server running on port 8000
2025-01-08T15:43:41.579Z [INFO]: Connected to MongoDB
2025-01-08T15:43:52.788Z [INFO]: Server running on port 8000
2025-01-08T15:43:53.999Z [INFO]: Connected to MongoDB
2025-01-08T15:47:32.019Z [INFO]: Server running on port 8000
2025-01-08T15:47:34.114Z [INFO]: Connected to MongoDB
2025-01-08T15:53:15.129Z [INFO]: Server running on port 8000
2025-01-08T15:53:16.373Z [INFO]: Connected to MongoDB
2025-01-08T15:57:31.170Z [INFO]: Server running on port 8000
2025-01-08T15:57:32.669Z [INFO]: Connected to MongoDB
2025-01-08T15:57:51.718Z [INFO]: Server running on port 8000
2025-01-08T15:57:53.838Z [INFO]: Connected to MongoDB
2025-01-08T15:59:07.651Z [INFO]: Server running on port 8000
2025-01-08T15:59:09.163Z [INFO]: Connected to MongoDB
2025-01-08T16:15:37.661Z [INFO]: Server running on port 8000
2025-01-08T16:15:39.065Z [INFO]: Connected to MongoDB
2025-01-08T17:14:00.227Z [INFO]: Server running on port 8000
2025-01-08T17:14:01.640Z [INFO]: Connected to MongoDB
2025-01-08T17:17:48.829Z [INFO]: Server running on port 8000
2025-01-08T17:17:50.466Z [INFO]: Connected to MongoDB
2025-01-08T17:18:25.575Z [INFO]: Server running on port 8000
2025-01-08T17:18:52.898Z [ERROR]: Could not connect to MongoDB querySrv ETIMEOUT _mongodb._tcp.massage-spa-kenya.e3d3e.mongodb.net
2025-01-08T17:21:06.174Z [INFO]: Server running on port 8000
2025-01-08T17:21:09.411Z [INFO]: Connected to MongoDB
2025-01-14T06:48:02.682Z [INFO]: Server running on port 8000
2025-01-14T06:48:04.011Z [INFO]: Connected to MongoDB
2025-01-14T06:50:22.013Z [INFO]: Server running on port 8000
2025-01-14T06:50:26.045Z [INFO]: Connected to MongoDB
2025-01-14T06:50:36.749Z [INFO]: Server running on port 8000
2025-01-14T06:50:37.905Z [INFO]: Connected to MongoDB
2025-01-14T06:51:42.602Z [INFO]: Server running on port 8000
2025-01-14T06:51:43.870Z [INFO]: Connected to MongoDB
2025-01-14T06:52:08.633Z [INFO]: Server running on port 8000
2025-01-14T06:52:10.018Z [INFO]: Connected to MongoDB
2025-01-14T06:58:30.874Z [INFO]: Server running on port 8000
2025-01-14T06:58:32.204Z [INFO]: Connected to MongoDB
2025-01-14T06:58:43.400Z [INFO]: Server running on port 8000
2025-01-14T06:58:44.453Z [INFO]: Connected to MongoDB
2025-01-14T06:59:06.254Z [INFO]: Server running on port 8000
2025-01-14T06:59:07.810Z [INFO]: Connected to MongoDB
2025-01-14T06:59:21.595Z [INFO]: Server running on port 8000
2025-01-14T06:59:22.662Z [INFO]: Connected to MongoDB
2025-01-14T06:59:35.342Z [INFO]: Server running on port 8000
2025-01-14T06:59:36.448Z [INFO]: Connected to MongoDB
2025-01-14T07:00:17.158Z [INFO]: Server running on port 8000
2025-01-14T07:00:19.306Z [INFO]: Connected to MongoDB
2025-01-14T07:01:00.156Z [INFO]: Server running on port 8000
2025-01-14T07:01:01.334Z [INFO]: Connected to MongoDB
2025-01-14T07:15:45.740Z [INFO]: Server running on port 8000
2025-01-14T07:15:45.926Z [INFO]: Connected to MongoDB
2025-01-14T07:16:49.095Z [INFO]: Server running on port 8000
2025-01-14T07:16:49.143Z [INFO]: Connected to MongoDB
2025-01-14T07:17:43.251Z [INFO]: Server running on port 8000
2025-01-14T07:17:43.296Z [INFO]: Connected to MongoDB
2025-01-14T07:18:23.007Z [INFO]: Server running on port 8000
2025-01-14T07:18:23.062Z [INFO]: Connected to MongoDB
2025-01-14T07:19:00.361Z [INFO]: Server running on port 8000
2025-01-14T07:19:00.406Z [INFO]: Connected to MongoDB
2025-01-14T07:19:52.265Z [INFO]: Server running on port 8000
2025-01-14T07:19:52.322Z [INFO]: Connected to MongoDB
2025-01-14T07:20:17.905Z [INFO]: Server running on port 8000
2025-01-14T07:20:17.952Z [INFO]: Connected to MongoDB
2025-01-14T07:20:31.456Z [INFO]: Server running on port 8000
2025-01-14T07:20:31.495Z [INFO]: Connected to MongoDB
2025-01-14T07:21:54.340Z [INFO]: Server running on port 8000
2025-01-14T07:21:54.393Z [INFO]: Connected to MongoDB
2025-01-14T07:23:43.041Z [INFO]: Server running on port 8000
2025-01-14T07:23:43.092Z [INFO]: Connected to MongoDB
2025-01-14T07:34:59.762Z [INFO]: Server running on port 8000
2025-01-14T07:34:59.806Z [INFO]: Connected to MongoDB
2025-01-14T07:35:06.408Z [INFO]: Server running on port 8000
2025-01-14T07:35:06.455Z [INFO]: Connected to MongoDB
2025-01-14T07:36:07.531Z [INFO]: Server running on port 8000
2025-01-14T07:36:07.577Z [INFO]: Connected to MongoDB
2025-01-14T07:36:18.492Z [INFO]: Server running on port 8000
2025-01-14T07:36:18.548Z [INFO]: Connected to MongoDB
2025-01-14T07:46:26.989Z [INFO]: Server running on port 8000
2025-01-14T07:46:27.034Z [INFO]: Connected to MongoDB
2025-01-14T07:48:22.900Z [INFO]: Server running on port 8000
2025-01-14T07:48:22.946Z [INFO]: Connected to MongoDB
2025-01-14T07:52:34.971Z [INFO]: Server running on port 8000
2025-01-14T07:52:35.025Z [INFO]: Connected to MongoDB
2025-01-14T07:54:58.722Z [INFO]: Server running on port 8000
2025-01-14T07:54:58.861Z [INFO]: Connected to MongoDB
2025-01-14T07:55:50.569Z [INFO]: Server running on port 8000
2025-01-14T07:55:50.609Z [INFO]: Connected to MongoDB
2025-01-14T08:04:27.025Z [INFO]: Server running on port 8000
2025-01-14T08:04:27.059Z [INFO]: Connected to MongoDB
2025-01-14T08:04:48.266Z [INFO]: Server running on port 8000
2025-01-14T08:04:48.326Z [INFO]: Connected to MongoDB
2025-01-14T10:11:27.361Z [INFO]: Server running on port 8000
2025-01-14T10:11:27.389Z [INFO]: Connected to MongoDB
2025-01-14T10:11:38.129Z [INFO]: Server running on port 8000
2025-01-14T10:11:38.251Z [INFO]: Connected to MongoDB
2025-01-14T10:23:44.355Z [INFO]: Server running on port 8000
2025-01-14T10:23:44.411Z [INFO]: Connected to MongoDB
2025-01-14T10:24:21.142Z [INFO]: Server running on port 8000
2025-01-14T10:24:21.181Z [INFO]: Connected to MongoDB
2025-01-14T10:24:28.407Z [INFO]: Server running on port 8000
2025-01-14T10:24:28.447Z [INFO]: Connected to MongoDB
2025-01-14T13:29:20.246Z [INFO]: Server running on port 8000
2025-01-14T13:29:20.444Z [INFO]: Connected to MongoDB
2025-01-14T13:35:48.168Z [INFO]: Server running on port 8000
2025-01-14T13:35:48.230Z [INFO]: Connected to MongoDB
2025-01-14T13:39:45.913Z [INFO]: Server running on port 8000
2025-01-14T13:39:45.951Z [INFO]: Connected to MongoDB
2025-01-14T13:40:28.971Z [INFO]: Server running on port 8000
2025-01-14T13:40:29.008Z [INFO]: Connected to MongoDB
2025-01-14T13:40:31.819Z [INFO]: Server running on port 8000
2025-01-14T13:40:31.900Z [INFO]: Connected to MongoDB
2025-01-14T13:41:24.909Z [INFO]: Server running on port 8000
2025-01-14T13:41:24.984Z [INFO]: Connected to MongoDB
2025-01-14T13:41:34.080Z [INFO]: Server running on port 8000
2025-01-14T13:41:34.124Z [INFO]: Connected to MongoDB
2025-01-14T13:48:59.580Z [INFO]: Server running on port 8000
2025-01-14T13:48:59.751Z [INFO]: Connected to MongoDB
2025-01-14T13:56:40.650Z [INFO]: Server running on port 8000
2025-01-14T13:56:40.744Z [INFO]: Connected to MongoDB
2025-01-14T14:00:46.129Z [INFO]: Server running on port 8000
2025-01-14T14:00:46.186Z [INFO]: Connected to MongoDB
2025-01-14T14:01:07.978Z [INFO]: Server running on port 8000
2025-01-14T14:01:08.017Z [INFO]: Connected to MongoDB
